<?xml version="1.0" encoding="UTF-8"?>
<testng-results skipped="0" failed="0" total="1" passed="1">
  <reporter-output>
  </reporter-output>
  <suite name="Default suite" duration-ms="25330" started-at="2018-04-13T05:22:54Z" finished-at="2018-04-13T05:23:19Z">
    <groups>
    </groups>
    <test name="Default test" duration-ms="25330" started-at="2018-04-13T05:22:54Z" finished-at="2018-04-13T05:23:19Z">
      <class name="com.pom.testcases.TC1">
        <test-method status="PASS" signature="LoginSalesForce()[pri:0, instance:com.pom.testcases.TC1@1e88b3c]" name="LoginSalesForce" duration-ms="25224" started-at="2018-04-12T22:22:54Z" finished-at="2018-04-12T22:23:19Z">
          <reporter-output>
          </reporter-output>
        </test-method> <!-- LoginSalesForce -->
      </class> <!-- com.pom.testcases.TC1 -->
    </test> <!-- Default test -->
  </suite> <!-- Default suite -->
</testng-results>
